#
# A fatal error has been detected by the Java Runtime Environment:
#
#  EXCEPTION_ILLEGAL_INSTRUCTION (0xc000001d) at pc=0x000007fee7855c01, pid=5420, tid=0x0000000000001880
#
# JRE version: Java(TM) SE Runtime Environment (8.0_121-b13) (build 1.8.0_121-b13)
# Java VM: Java HotSpot(TM) 64-Bit Server VM (25.121-b13 mixed mode windows-amd64 compressed oops)
# Problematic frame:
# C  [msvcr120.dll+0x95c01]
#
# Failed to write core dump. Minidumps are not enabled by default on client versions of Windows
#
# If you would like to submit a bug report, please visit:
#   http://bugreport.java.com/bugreport/crash.jsp
# The crash happened outside the Java Virtual Machine in native code.
# See problematic frame for where to report the bug.
#

---------------  T H R E A D  ---------------

Current thread (0x000000000a8e4000):  JavaThread "QuantumRenderer-0" daemon [_thread_in_native, id=6272, stack(0x000000000b0e0000,0x000000000b1e0000)]

siginfo: ExceptionCode=0xc000001d

Registers:
RAX=0x3f40000000000000, RBX=0x0000000000000004, RCX=0x3f40e37fc02fbb80, RDX=0x7ff0000000000000
RSP=0x000000000b1dd420, RBP=0x000000000b1ddc50, RSI=0x000000000b1ddc50, RDI=0x0000000000000004
R8 =0x8000000000000000, R9 =0x000000006c4fd200, R10=0x000000000000000c, R11=0x000000000b1dd910
R12=0x000000006c4fd200, R13=0x000000006c4fd060, R14=0x00000000d7ba4c74, R15=0x0000000000000004
RIP=0x000007fee7855c01, EFLAGS=0x0000000000010202

Top of Stack: (sp=0x000000000b1dd420)
0x000000000b1dd420:   000000000000000d 0000000000200230
0x000000000b1dd430:   0000000000204d10 000000000d1ffd00
0x000000000b1dd440:   000000000d1ef332 0000000000200230
0x000000000b1dd450:   0000000000000000 0000000000200158
0x000000000b1dd460:   0000000077d27288 0000000000204d10
0x000000000b1dd470:   0000000000000060 0000000002630000
0x000000000b1dd480:   0000000000000001 000000000d1c0000
0x000000000b1dd490:   000000000b1dd701 0000000000204d10
0x000000000b1dd4a0:   3f973f4fa56dfec7 0000000000000000
0x000000000b1dd4b0:   3ea8652fb4ac0000 0000000000000000
0x000000000b1dd4c0:   000000000d1f3a20 0000000000200230
0x000000000b1dd4d0:   00000000025b9400 000000000000000d
0x000000000b1dd4e0:   000000006c4fc410 000000006c4f3318
0x000000000b1dd4f0:   3f40e37fc02fbb80 3f40e37fc02fbb80
0x000000000b1dd500:   3f973f4fa56dfec7 0000000000200158
0x000000000b1dd510:   0000000000000000 0000000000000036 

Instructions: (pc=0x000007fee7855c01)
0x000007fee7855be1:   0f 10 d0 f2 0f 10 44 24 10 f2 0f 10 4c 24 20 44
0x000007fee7855bf1:   8b 0d 15 26 02 00 e8 34 c7 00 00 e9 72 f8 ff ff
0x000007fee7855c01:   c5 fb 11 44 24 10 c5 fb 11 4c 24 20 48 8b 54 24
0x000007fee7855c11:   10 4c 8b 44 24 20 4c 8b 15 4a 26 02 00 4d 23 d0 


Register to memory mapping:

RAX=0x3f40000000000000 is an unknown value
RBX=0x0000000000000004 is an unknown value
RCX=0x3f40e37fc02fbb80 is an unknown value
RDX=0x7ff0000000000000 is an unknown value
RSP=0x000000000b1dd420 is pointing into the stack for thread: 0x000000000a8e4000
RBP=0x000000000b1ddc50 is pointing into the stack for thread: 0x000000000a8e4000
RSI=0x000000000b1ddc50 is pointing into the stack for thread: 0x000000000a8e4000
RDI=0x0000000000000004 is an unknown value
R8 =0x8000000000000000 is an unknown value
R9 =0x000000006c4fd200 is an unknown value
R10=0x000000000000000c is an unknown value
R11=0x000000000b1dd910 is pointing into the stack for thread: 0x000000000a8e4000
R12=0x000000006c4fd200 is an unknown value
R13=0x000000006c4fd060 is an unknown value
R14=0x00000000d7ba4c74 is an unknown value
R15=0x0000000000000004 is an unknown value


Stack: [0x000000000b0e0000,0x000000000b1e0000],  sp=0x000000000b1dd420,  free space=1013k
Native frames: (J=compiled Java code, j=interpreted, Vv=VM code, C=native code)
C  [msvcr120.dll+0x95c01]
C  [prism_common.dll+0x3318]
C  [prism_common.dll+0x1abc]
C  [prism_common.dll+0x1128]
C  [prism_common.dll+0x8bee]
C  [prism_common.dll+0x670e]
C  [prism_common.dll+0x49af]
C  [prism_common.dll+0x4649]
C  0x000000000f0279b4

Java frames: (J=compiled Java code, j=interpreted, Vv=VM code)
j  com.sun.prism.impl.shape.NativePiscesRasterizer.produceStrokeAlphas([F[BIFIIF[FFDDDDDD[I[B)V+0
j  com.sun.prism.impl.shape.NativePiscesRasterizer.getMaskData(Lcom/sun/javafx/geom/Shape;Lcom/sun/prism/BasicStroke;Lcom/sun/javafx/geom/RectBounds;Lcom/sun/javafx/geom/transform/BaseTransform;ZZ)Lcom/sun/prism/impl/shape/MaskData;+487
j  com.sun.prism.impl.shape.ShapeUtil.rasterizeShape(Lcom/sun/javafx/geom/Shape;Lcom/sun/prism/BasicStroke;Lcom/sun/javafx/geom/RectBounds;Lcom/sun/javafx/geom/transform/BaseTransform;ZZ)Lcom/sun/prism/impl/shape/MaskData;+11
j  com.sun.prism.impl.ps.BaseShaderGraphics.renderShape(Lcom/sun/javafx/geom/Shape;Lcom/sun/prism/BasicStroke;FFFF)V+40
j  com.sun.prism.impl.BaseGraphics.draw(Lcom/sun/javafx/geom/Shape;)V+136
j  com.sun.prism.impl.ps.CachingShapeRepState.drawNoCache(Lcom/sun/prism/Graphics;Lcom/sun/javafx/geom/Shape;)V+2
j  com.sun.prism.impl.ps.CachingShapeRepState.render(Lcom/sun/prism/Graphics;Lcom/sun/javafx/geom/Shape;Lcom/sun/javafx/geom/RectBounds;Lcom/sun/prism/BasicStroke;)V+241
j  com.sun.prism.impl.ps.CachingShapeRep.draw(Lcom/sun/prism/Graphics;Lcom/sun/javafx/geom/Shape;Lcom/sun/javafx/geom/BaseBounds;)V+31
j  com.sun.javafx.sg.prism.NGShape.renderContent2D(Lcom/sun/prism/Graphics;Z)V+144
j  com.sun.javafx.sg.prism.NGShape.renderContent(Lcom/sun/prism/Graphics;)V+454
j  com.sun.javafx.sg.prism.NGNode.doRender(Lcom/sun/prism/Graphics;)V+330
j  com.sun.javafx.sg.prism.NGNode.render(Lcom/sun/prism/Graphics;)V+34
j  com.sun.javafx.sg.prism.NGGroup.renderContent(Lcom/sun/prism/Graphics;)V+160
j  com.sun.javafx.sg.prism.NGRegion.renderContent(Lcom/sun/prism/Graphics;)V+111
j  com.sun.javafx.sg.prism.NGNode.doRender(Lcom/sun/prism/Graphics;)V+330
j  com.sun.javafx.sg.prism.NGNode.render(Lcom/sun/prism/Graphics;)V+34
j  com.sun.javafx.sg.prism.NGGroup.renderContent(Lcom/sun/prism/Graphics;)V+160
j  com.sun.javafx.sg.prism.NGRegion.renderContent(Lcom/sun/prism/Graphics;)V+111
j  com.sun.javafx.sg.prism.NGNode.doRender(Lcom/sun/prism/Graphics;)V+330
j  com.sun.javafx.sg.prism.NGNode.render(Lcom/sun/prism/Graphics;)V+34
j  com.sun.javafx.sg.prism.NGGroup.renderContent(Lcom/sun/prism/Graphics;)V+160
j  com.sun.javafx.sg.prism.NGRegion.renderContent(Lcom/sun/prism/Graphics;)V+111
j  com.sun.javafx.sg.prism.NGNode.doRender(Lcom/sun/prism/Graphics;)V+330
j  com.sun.javafx.sg.prism.NGNode.render(Lcom/sun/prism/Graphics;)V+34
j  com.sun.javafx.tk.quantum.ViewPainter.doPaint(Lcom/sun/prism/Graphics;Lcom/sun/javafx/sg/prism/NodePath;)V+201
j  com.sun.javafx.tk.quantum.ViewPainter.paintImpl(Lcom/sun/prism/Graphics;)V+982
j  com.sun.javafx.tk.quantum.PresentingPainter.run()V+326
j  java.util.concurrent.Executors$RunnableAdapter.call()Ljava/lang/Object;+4
j  java.util.concurrent.FutureTask.runAndReset()Z+47
j  com.sun.javafx.tk.RenderJob.run()V+1
j  java.util.concurrent.ThreadPoolExecutor.runWorker(Ljava/util/concurrent/ThreadPoolExecutor$Worker;)V+95
j  java.util.concurrent.ThreadPoolExecutor$Worker.run()V+5
j  com.sun.javafx.tk.quantum.QuantumRenderer$PipelineRunnable.run()V+8
j  java.lang.Thread.run()V+11
v  ~StubRoutines::call_stub

---------------  P R O C E S S  ---------------

Java Threads: ( => current thread )
  0x000000000ab2f800 JavaThread "Prism Font Disposer" daemon [_thread_blocked, id=1244, stack(0x0000000022f20000,0x0000000023020000)]
  0x000000000a94c000 JavaThread "Thread-3" daemon [_thread_in_native, id=8460, stack(0x000000000d380000,0x000000000d480000)]
  0x000000000a94f800 JavaThread "JavaFX-Launcher" [_thread_blocked, id=6748, stack(0x000000000d4d0000,0x000000000d5d0000)]
  0x000000000a910000 JavaThread "JavaFX Application Thread" [_thread_blocked, id=8584, stack(0x000000000b610000,0x000000000b710000)]
  0x000000000a908000 JavaThread "Thread-1" daemon [_thread_blocked, id=4432, stack(0x000000000b4e0000,0x000000000b5e0000)]
=>0x000000000a8e4000 JavaThread "QuantumRenderer-0" daemon [_thread_in_native, id=6272, stack(0x000000000b0e0000,0x000000000b1e0000)]
  0x0000000009a6c800 JavaThread "Service Thread" daemon [_thread_blocked, id=8468, stack(0x000000000a610000,0x000000000a710000)]
  0x00000000099f1000 JavaThread "C1 CompilerThread2" daemon [_thread_blocked, id=9292, stack(0x000000000a360000,0x000000000a460000)]
  0x00000000099ef800 JavaThread "C2 CompilerThread1" daemon [_thread_blocked, id=9148, stack(0x000000000a240000,0x000000000a340000)]
  0x00000000085ce000 JavaThread "C2 CompilerThread0" daemon [_thread_blocked, id=9232, stack(0x000000000a100000,0x000000000a200000)]
  0x00000000099da800 JavaThread "Attach Listener" daemon [_thread_blocked, id=7640, stack(0x0000000009fc0000,0x000000000a0c0000)]
  0x00000000085bb000 JavaThread "Signal Dispatcher" daemon [_thread_blocked, id=2808, stack(0x0000000009ea0000,0x0000000009fa0000)]
  0x00000000085a9000 JavaThread "Finalizer" daemon [_thread_blocked, id=4484, stack(0x00000000095d0000,0x00000000096d0000)]
  0x0000000008562000 JavaThread "Reference Handler" daemon [_thread_blocked, id=8396, stack(0x00000000098d0000,0x00000000099d0000)]
  0x000000000263e000 JavaThread "main" [_thread_blocked, id=8536, stack(0x0000000002660000,0x0000000002760000)]

Other Threads:
  0x000000000855a800 VMThread [stack: 0x0000000009720000,0x0000000009820000] [id=7976]
  0x0000000009a45800 WatcherThread [stack: 0x000000000a7d0000,0x000000000a8d0000] [id=9520]

VM state:not at safepoint (normal execution)

VM Mutex/Monitor currently owned by a thread: None

Heap:
 PSYoungGen      total 38400K, used 32710K [0x00000000d5d00000, 0x00000000d8780000, 0x0000000100000000)
  eden space 33280K, 98% used [0x00000000d5d00000,0x00000000d7cf1b88,0x00000000d7d80000)
  from space 5120K, 0% used [0x00000000d8280000,0x00000000d8280000,0x00000000d8780000)
  to   space 5120K, 0% used [0x00000000d7d80000,0x00000000d7d80000,0x00000000d8280000)
 ParOldGen       total 87552K, used 0K [0x0000000081600000, 0x0000000086b80000, 0x00000000d5d00000)
  object space 87552K, 0% used [0x0000000081600000,0x0000000081600000,0x0000000086b80000)
 Metaspace       used 15053K, capacity 15616K, committed 15744K, reserved 1062912K
  class space    used 2150K, capacity 2316K, committed 2432K, reserved 1048576K

Card table byte_map: [0x0000000002be0000,0x0000000002fe0000] byte_map_base: 0x00000000027d5000

Marking Bits: (ParMarkBitMap*) 0x00000000586bb6d0
 Begin Bits: [0x0000000003880000, 0x0000000005828000)
 End Bits:   [0x0000000005828000, 0x00000000077d0000)

Polling page: 0x00000000001c0000

CodeCache: size=245760Kb used=4461Kb max_used=4475Kb free=241298Kb
 bounds [0x000000000f010000, 0x000000000f480000, 0x000000001e010000]
 total_blobs=1976 nmethods=1369 adapters=520
 compilation: enabled

Compilation events (10 events):
Event: 1.058 Thread 0x00000000099f1000 1365       1       java.lang.invoke.InnerClassLambdaMetafactory::access$700 (5 bytes)
Event: 1.058 Thread 0x00000000099f1000 nmethod 1365 0x000000000f4650d0 code [0x000000000f465220, 0x000000000f465310]
Event: 1.068 Thread 0x00000000099f1000 1366       3       java.lang.invoke.MethodHandles::access$000 (4 bytes)
Event: 1.069 Thread 0x00000000099f1000 nmethod 1366 0x000000000f468ad0 code [0x000000000f468c20, 0x000000000f468d50]
Event: 1.069 Thread 0x00000000099f1000 1367       3       java.lang.invoke.AbstractValidatingLambdaMetafactory::isAdaptableTo (126 bytes)
Event: 1.070 Thread 0x00000000099f1000 nmethod 1367 0x000000000f468dd0 code [0x000000000f469040, 0x000000000f469f48]
Event: 1.070 Thread 0x00000000099f1000 1368       3       java.lang.invoke.InnerClassLambdaMetafactory::getLoadOpcode (25 bytes)
Event: 1.070 Thread 0x00000000099f1000 nmethod 1368 0x000000000f46a510 code [0x000000000f46a6a0, 0x000000000f46a918]
Event: 1.070 Thread 0x00000000099f1000 1369       3       java.lang.invoke.InnerClassLambdaMetafactory::getParameterSize (27 bytes)
Event: 1.070 Thread 0x00000000099f1000 nmethod 1369 0x000000000f46aa10 code [0x000000000f46ab80, 0x000000000f46adb0]

GC Heap History (0 events):
No events

Deoptimization events (10 events):
Event: 0.848 Thread 0x000000000a910000 Uncommon trap: reason=bimorphic action=maybe_recompile pc=0x000000000f37a4f8 method=java.util.Collections$UnmodifiableList.get(I)Ljava/lang/Object; @ 5
Event: 0.848 Thread 0x000000000a910000 Uncommon trap: reason=bimorphic action=maybe_recompile pc=0x000000000f37a4f8 method=java.util.Collections$UnmodifiableList.get(I)Ljava/lang/Object; @ 5
Event: 0.849 Thread 0x000000000a910000 Uncommon trap: reason=class_check action=maybe_recompile pc=0x000000000f130770 method=java.lang.String.equals(Ljava/lang/Object;)Z @ 8
Event: 0.954 Thread 0x000000000a910000 Uncommon trap: reason=unstable_if action=reinterpret pc=0x000000000f3469b0 method=java.lang.String.regionMatches(ZILjava/lang/String;II)Z @ 123
Event: 0.973 Thread 0x000000000a910000 Uncommon trap: reason=class_check action=maybe_recompile pc=0x000000000f3d2808 method=com.sun.javafx.css.StyleMap.isEmpty()Z @ 11
Event: 0.973 Thread 0x000000000a910000 Uncommon trap: reason=class_check action=maybe_recompile pc=0x000000000f3d2808 method=com.sun.javafx.css.StyleMap.isEmpty()Z @ 11
Event: 0.973 Thread 0x000000000a910000 Uncommon trap: reason=class_check action=maybe_recompile pc=0x000000000f3e05f8 method=com.sun.javafx.css.StyleMap.isEmpty()Z @ 11
Event: 0.973 Thread 0x000000000a910000 Uncommon trap: reason=class_check action=maybe_recompile pc=0x000000000f3e05f8 method=com.sun.javafx.css.StyleMap.isEmpty()Z @ 11
Event: 0.973 Thread 0x000000000a910000 Uncommon trap: reason=class_check action=maybe_recompile pc=0x000000000f3d2808 method=com.sun.javafx.css.StyleMap.isEmpty()Z @ 11
Event: 1.025 Thread 0x000000000a910000 Uncommon trap: reason=unstable_if action=reinterpret pc=0x000000000f377ba8 method=jdk.internal.org.objectweb.asm.Type.getArgumentsAndReturnSizes(Ljava/lang/String;)I @ 47

Internal exceptions (10 events):
Event: 0.163 Thread 0x000000000263e000 Exception <a 'java/security/PrivilegedActionException'> (0x00000000d6001128) thrown at [C:\re\workspace\8-2-build-windows-amd64-cygwin\jdk8u121\8372\hotspot\src\share\vm\prims\jvm.cpp, line 1390]
Event: 0.163 Thread 0x000000000263e000 Exception <a 'java/security/PrivilegedActionException'> (0x00000000d6001338) thrown at [C:\re\workspace\8-2-build-windows-amd64-cygwin\jdk8u121\8372\hotspot\src\share\vm\prims\jvm.cpp, line 1390]
Event: 0.163 Thread 0x000000000263e000 Exception <a 'java/lang/NullPointerException'> (0x00000000d6001910) thrown at [C:\re\workspace\8-2-build-windows-amd64-cygwin\jdk8u121\8372\hotspot\src\share\vm\interpreter\linkResolver.cpp, line 1178]
Event: 0.378 Thread 0x000000000a910000 Exception <a 'java/lang/NullPointerException'> (0x00000000d6a475e0) thrown at [C:\re\workspace\8-2-build-windows-amd64-cygwin\jdk8u121\8372\hotspot\src\share\vm\interpreter\linkResolver.cpp, line 1178]
Event: 0.378 Thread 0x000000000a910000 Exception <a 'java/lang/NullPointerException'> (0x00000000d6a475e0) thrown at [C:\re\workspace\8-2-build-windows-amd64-cygwin\jdk8u121\8372\hotspot\src\share\vm\prims\jvm.cpp, line 1394]
Event: 0.480 Thread 0x000000000a910000 Exception <a 'java/lang/ArrayIndexOutOfBoundsException'> (0x00000000d6f05fb0) thrown at [C:\re\workspace\8-2-build-windows-amd64-cygwin\jdk8u121\8372\hotspot\src\share\vm\runtime\sharedRuntime.cpp, line 605]
Event: 0.480 Thread 0x000000000a910000 Exception <a 'java/lang/ArrayIndexOutOfBoundsException'> (0x00000000d6f06cb0) thrown at [C:\re\workspace\8-2-build-windows-amd64-cygwin\jdk8u121\8372\hotspot\src\share\vm\runtime\sharedRuntime.cpp, line 605]
Event: 0.481 Thread 0x000000000a910000 Exception <a 'java/lang/ArrayIndexOutOfBoundsException'> (0x00000000d6f08058) thrown at [C:\re\workspace\8-2-build-windows-amd64-cygwin\jdk8u121\8372\hotspot\src\share\vm\runtime\sharedRuntime.cpp, line 605]
Event: 0.666 Thread 0x000000000a910000 Implicit null exception at 0x000000000f2868f5 to 0x000000000f286acd
Event: 0.666 Thread 0x000000000a910000 Implicit null exception at 0x000000000f305d1b to 0x000000000f306515

Events (10 events):
Event: 1.075 loading class com/sun/prism/impl/ps/CachingShapeRepState$CSRDisposerRecord
Event: 1.075 loading class com/sun/prism/impl/ps/CachingShapeRepState$CSRDisposerRecord done
Event: 1.075 loading class com/sun/prism/impl/shape/ShapeUtil
Event: 1.075 loading class com/sun/prism/impl/shape/ShapeUtil done
Event: 1.075 loading class com/sun/prism/impl/shape/ShapeRasterizer
Event: 1.075 loading class com/sun/prism/impl/shape/ShapeRasterizer done
Event: 1.075 loading class com/sun/prism/impl/shape/NativePiscesRasterizer
Event: 1.075 loading class com/sun/prism/impl/shape/NativePiscesRasterizer done
Event: 1.076 loading class com/sun/prism/impl/shape/MaskData
Event: 1.076 loading class com/sun/prism/impl/shape/MaskData done


Dynamic libraries:
0x000000013f750000 - 0x000000013f787000 	C:\Program Files\Java\jdk1.8.0_121\jre\bin\java.exe
0x0000000077c10000 - 0x0000000077dbb000 	C:\Windows\SYSTEM32\ntdll.dll
0x0000000077af0000 - 0x0000000077c0f000 	C:\Windows\system32\kernel32.dll
0x000007fefde30000 - 0x000007fefde9b000 	C:\Windows\system32\KERNELBASE.dll
0x000007feff950000 - 0x000007feffa2b000 	C:\Windows\system32\ADVAPI32.dll
0x000007feffa30000 - 0x000007feffacf000 	C:\Windows\system32\msvcrt.dll
0x000007feff300000 - 0x000007feff31f000 	C:\Windows\SYSTEM32\sechost.dll
0x000007feff440000 - 0x000007feff56e000 	C:\Windows\system32\RPCRT4.dll
0x00000000779f0000 - 0x0000000077aea000 	C:\Windows\system32\USER32.dll
0x000007feff290000 - 0x000007feff2f7000 	C:\Windows\system32\GDI32.dll
0x000007fefff10000 - 0x000007fefff1e000 	C:\Windows\system32\LPK.dll
0x000007feff370000 - 0x000007feff43a000 	C:\Windows\system32\USP10.dll
0x000007fefc5a0000 - 0x000007fefc794000 	C:\Windows\WinSxS\amd64_microsoft.windows.common-controls_6595b64144ccf1df_6.0.7600.16385_none_fa645303170382f6\COMCTL32.dll
0x000007feff8a0000 - 0x000007feff911000 	C:\Windows\system32\SHLWAPI.dll
0x000007feff920000 - 0x000007feff94e000 	C:\Windows\system32\IMM32.DLL
0x000007feffe00000 - 0x000007fefff09000 	C:\Windows\system32\MSCTF.dll
0x000007fefdb30000 - 0x000007fefdb61000 	C:\Windows\system32\nvinitx.dll
0x000000000f000000 - 0x000000000f006000 	C:\Program Files\NVIDIA Corporation\CoProcManager\_etoured.dll
0x000007fefaff0000 - 0x000007fefb04f000 	C:\Program Files\NVIDIA Corporation\CoProcManager\nvd3d9wrapx.dll
0x000007feff570000 - 0x000007feff747000 	C:\Windows\system32\SETUPAPI.dll
0x000007fefdec0000 - 0x000007fefdef6000 	C:\Windows\system32\CFGMGR32.dll
0x000007fefe410000 - 0x000007fefe4e7000 	C:\Windows\system32\OLEAUT32.dll
0x000007fefe0c0000 - 0x000007fefe2c1000 	C:\Windows\system32\ole32.dll
0x000007fefdea0000 - 0x000007fefdeba000 	C:\Windows\system32\DEVOBJ.dll
0x000007fefa950000 - 0x000007fefa996000 	C:\Program Files\NVIDIA Corporation\CoProcManager\nvdxgiwrapx.dll
0x0000000065be0000 - 0x0000000065cb2000 	C:\Program Files\Java\jdk1.8.0_121\jre\bin\msvcr100.dll
0x0000000057ea0000 - 0x000000005873b000 	C:\Program Files\Java\jdk1.8.0_121\jre\bin\server\jvm.dll
0x000007fefb950000 - 0x000007fefb959000 	C:\Windows\system32\WSOCK32.dll
0x000007feff320000 - 0x000007feff36d000 	C:\Windows\system32\WS2_32.dll
0x000007feff280000 - 0x000007feff288000 	C:\Windows\system32\NSI.dll
0x000007fefafa0000 - 0x000007fefafdb000 	C:\Windows\system32\WINMM.dll
0x000007fefcc30000 - 0x000007fefcc3c000 	C:\Windows\system32\VERSION.dll
0x0000000077de0000 - 0x0000000077de7000 	C:\Windows\system32\PSAPI.DLL
0x000000006a0e0000 - 0x000000006a0ef000 	C:\Program Files\Java\jdk1.8.0_121\jre\bin\verify.dll
0x000000006a010000 - 0x000000006a039000 	C:\Program Files\Java\jdk1.8.0_121\jre\bin\java.dll
0x0000000069ea0000 - 0x0000000069eb6000 	C:\Program Files\Java\jdk1.8.0_121\jre\bin\zip.dll
0x000007fefe4f0000 - 0x000007feff276000 	C:\Windows\system32\SHELL32.dll
0x000007fefdb70000 - 0x000007fefdb7f000 	C:\Windows\system32\profapi.dll
0x000007fee77c0000 - 0x000007fee78af000 	C:\Program Files\Java\jdk1.8.0_121\jre\bin\msvcr120.dll
0x000007fee72b0000 - 0x000007fee7356000 	C:\Program Files\Java\jdk1.8.0_121\jre\bin\msvcp120.dll
0x000000006c5d0000 - 0x000000006c5f2000 	C:\Program Files\Java\jdk1.8.0_121\jre\bin\prism_d3d.dll
0x000007feded40000 - 0x000007fedef3f000 	C:\Windows\system32\d3d9.dll
0x000007fef2710000 - 0x000007fef2717000 	C:\Windows\system32\d3d8thk.dll
0x000007fefbe50000 - 0x000007fefbe68000 	C:\Windows\system32\dwmapi.dll
0x000007fefc1f0000 - 0x000007fefc246000 	C:\Windows\system32\uxtheme.dll
0x000007fef98f0000 - 0x000007fef9a5b000 	C:\Windows\system32\nvumdshimx.dll
0x000007fede4f0000 - 0x000007feded3d000 	C:\Windows\system32\igdumdim64.dll
0x000007fef7200000 - 0x000007fef7634000 	C:\Windows\system32\igdusc64.dll
0x000000006c530000 - 0x000000006c573000 	C:\Program Files\Java\jdk1.8.0_121\jre\bin\glass.dll
0x000007fefe370000 - 0x000007fefe408000 	C:\Windows\system32\COMDLG32.dll
0x000007fefda00000 - 0x000007fefda57000 	C:\Windows\system32\apphelp.dll
0x000007fef8530000 - 0x000007fef85a5000 	C:\Windows\system32\IMKR14.IME
0x00000000736b0000 - 0x0000000073753000 	C:\Windows\WinSxS\amd64_microsoft.vc90.crt_1fc8b3b9a1e18e3b_9.0.30729.6161_none_08e61857a83bc251\MSVCR90.dll
0x00000000735d0000 - 0x00000000736a3000 	C:\Windows\WinSxS\amd64_microsoft.vc90.crt_1fc8b3b9a1e18e3b_9.0.30729.6161_none_08e61857a83bc251\MSVCP90.dll
0x000007fefda60000 - 0x000007fefda6f000 	C:\Windows\system32\CRYPTBASE.dll
0x000000006c510000 - 0x000000006c524000 	C:\Program Files\Java\jdk1.8.0_121\jre\bin\javafx_font.dll
0x000007fee7640000 - 0x000007fee77bb000 	C:\Windows\system32\dwrite.dll
0x000007fefe2d0000 - 0x000007fefe369000 	C:\Windows\system32\CLBCatQ.DLL
0x000007fefbce0000 - 0x000007fefbe0a000 	C:\Windows\system32\WindowsCodecs.dll
0x000007fef7150000 - 0x000007fef7185000 	C:\Windows\system32\EhStorShell.dll
0x000007fefc340000 - 0x000007fefc46c000 	C:\Windows\system32\PROPSYS.dll
0x000007fef6ad0000 - 0x000007fef7141000 	C:\PROGRA~1\MICROS~2\Office14\GROOVEEX.DLL
0x0000000073430000 - 0x000000007345f000 	C:\Windows\WinSxS\amd64_microsoft.vc90.atl_1fc8b3b9a1e18e3b_9.0.30729.6161_none_0a1fd3a3a768b895\ATL90.DLL
0x000007fef6650000 - 0x000007fef6a5f000 	C:\PROGRA~1\COMMON~1\MICROS~1\OFFICE14\Cultures\office.odf
0x000007fef5e20000 - 0x000007fef6646000 	C:\PROGRA~1\MICROS~2\Office14\1042\GrooveIntlResource.dll
0x000007fef5c20000 - 0x000007fef5ca0000 	C:\Windows\system32\ntshrui.dll
0x000007fefd610000 - 0x000007fefd633000 	C:\Windows\system32\srvcli.dll
0x000007fef8520000 - 0x000007fef852f000 	C:\Windows\system32\cscapi.dll
0x000007fefbb60000 - 0x000007fefbb6b000 	C:\Windows\system32\slc.dll
0x000007feee780000 - 0x000007feee7ad000 	C:\Program Files\Common Files\Microsoft Shared\Ink\rtscom.dll
0x000007fef5410000 - 0x000007fef54c6000 	C:\Program Files\Common Files\Microsoft Shared\IME14\IMEKR\IMKRTIP.DLL
0x000007fef5320000 - 0x000007fef540b000 	C:\PROGRA~1\COMMON~1\MICROS~1\IME14\SHARED\IMETIP.DLL
0x000007fef5ca0000 - 0x000007fef5cd2000 	C:\PROGRA~1\COMMON~1\MICROS~1\IME14\IMEKR\IMKRAPI.DLL
0x000007fef5250000 - 0x000007fef5288000 	C:\Program Files\Common Files\Microsoft Shared\IME14\SHARED\IMJKAPI.DLL
0x000007feed1d0000 - 0x000007feed207000 	C:\Windows\system32\IMGSF50Filter_x64.dll
0x000007fef2250000 - 0x000007fef236d000 	C:\Windows\system32\Opengl32.dll
0x000007fef2500000 - 0x000007fef252d000 	C:\Windows\system32\GLU32.dll
0x000007fef2150000 - 0x000007fef2241000 	C:\Windows\system32\DDRAW.dll
0x000007fef20f0000 - 0x000007fef20f8000 	C:\Windows\system32\DCIMAN32.dll
0x000000006c4f0000 - 0x000000006c501000 	C:\Program Files\Java\jdk1.8.0_121\jre\bin\prism_common.dll
0x000007feef650000 - 0x000007feef775000 	C:\Windows\system32\dbghelp.dll

VM Arguments:
jvm_args: -Dfile.encoding=UTF-8 
java_command: ch17.exam26.AppMain
java_class_path (initial): D:\git\TestRepositroy\JavaFXProgramming\build\classes
Launcher Type: SUN_STANDARD

Environment Variables:
PATH=C:\oraclexe\app\oracle\product\11.2.0\server\bin;C:\ProgramData\Oracle\Java\javapath;C:\Program Files\Common Files\Microsoft Shared\Windows Live;C:\Program Files (x86)\Common Files\Microsoft Shared\Windows Live;C:\Python27;C:\Python27\Lib\site-packages\mod_pywebsocket;C:\Program Files (x86)\Vim\vim74;C:\Ruby200-x64\lib\ruby\gems\2.0.0\gems\sqlite3-1.3.10-x64-mingw32;C:\Program Files (x86)\Windows Live\Shared;C:\Program Files\Microsoft\Web Platform Installer\;C:\Program Files (x86)\Microsoft ASP.NET\ASP.NET Web Pages\v1.0\;C:\Program Files (x86)\Windows Kits\8.0\Windows Performance Toolkit\;C:\Program Files\Microsoft SQL Server\110\Tools\Binn\;C:\Program Files\Git\cmd
USERNAME=KIM
OS=Windows_NT
PROCESSOR_IDENTIFIER=Intel64 Family 6 Model 60 Stepping 3, GenuineIntel



---------------  S Y S T E M  ---------------

OS: Windows 7 , 64 bit Build 7600 (6.1.7600.16385)

CPU:total 4 (2 cores per cpu, 2 threads per core) family 6 model 60 stepping 3, cmov, cx8, fxsr, mmx, sse, sse2, sse3, ssse3, sse4.1, sse4.2, popcnt, aes, clmul, erms, lzcnt, ht, tsc, tscinvbit, bmi1, bmi2

Memory: 4k page, physical 8294168k(3703052k free), swap 16586436k(10760944k free)

vm_info: Java HotSpot(TM) 64-Bit Server VM (25.121-b13) for windows-amd64 JRE (1.8.0_121-b13), built on Dec 12 2016 18:21:36 by "java_re" with MS VC++ 10.0 (VS2010)

time: Fri May 12 13:05:51 2017
elapsed time: 1 seconds (0d 0h 0m 1s)

