#
# A fatal error has been detected by the Java Runtime Environment:
#
#  EXCEPTION_ILLEGAL_INSTRUCTION (0xc000001d) at pc=0x000007feee8d5c01, pid=9172, tid=0x0000000000000350
#
# JRE version: Java(TM) SE Runtime Environment (8.0_121-b13) (build 1.8.0_121-b13)
# Java VM: Java HotSpot(TM) 64-Bit Server VM (25.121-b13 mixed mode windows-amd64 compressed oops)
# Problematic frame:
# C  [msvcr120.dll+0x95c01]
#
# Failed to write core dump. Minidumps are not enabled by default on client versions of Windows
#
# If you would like to submit a bug report, please visit:
#   http://bugreport.java.com/bugreport/crash.jsp
# The crash happened outside the Java Virtual Machine in native code.
# See problematic frame for where to report the bug.
#

---------------  T H R E A D  ---------------

Current thread (0x0000000009d5f000):  JavaThread "QuantumRenderer-0" daemon [_thread_in_native, id=848, stack(0x000000000a740000,0x000000000a840000)]

siginfo: ExceptionCode=0xc000001d

Registers:
RAX=0x3f40000000000000, RBX=0x0000000000000004, RCX=0x3f40e37fc02fbb80, RDX=0x7ff0000000000000
RSP=0x000000000a83d630, RBP=0x000000000a83de60, RSI=0x000000000a83de60, RDI=0x0000000000000004
R8 =0x8000000000000000, R9 =0x000000006c53d200, R10=0x000000000000000c, R11=0x000000000a83db20
R12=0x000000006c53d200, R13=0x000000006c53d060, R14=0x00000000d7ba4534, R15=0x0000000000000004
RIP=0x000007feee8d5c01, EFLAGS=0x0000000000010202

Top of Stack: (sp=0x000000000a83d630)
0x000000000a83d630:   000000000000000d 00000000002b0230
0x000000000a83d640:   00000000002b4d10 000000000d11dce0
0x000000000a83d650:   000000000d10e532 00000000002b0230
0x000000000a83d660:   0000000000000000 00000000002b0158
0x000000000a83d670:   0000000077d27288 00000000002b4d10
0x000000000a83d680:   0000000000000060 0000000002450000
0x000000000a83d690:   0000000000000001 000000000d0e0000
0x000000000a83d6a0:   000000000a83d901 00000000002b4d10
0x000000000a83d6b0:   3f973f4fa56dfec7 0000000000000000
0x000000000a83d6c0:   3ea8652fb4ac0000 0000000000000000
0x000000000a83d6d0:   000000000d112a00 00000000002b0230
0x000000000a83d6e0:   00000000024e9400 000000000000000d
0x000000000a83d6f0:   000000006c53c410 000000006c533318
0x000000000a83d700:   3f40e37fc02fbb80 3f40e37fc02fbb80
0x000000000a83d710:   3f973f4fa56dfec7 00000000002b0158
0x000000000a83d720:   0000000000000000 0000000000000036 

Instructions: (pc=0x000007feee8d5c01)
0x000007feee8d5be1:   0f 10 d0 f2 0f 10 44 24 10 f2 0f 10 4c 24 20 44
0x000007feee8d5bf1:   8b 0d 15 26 02 00 e8 34 c7 00 00 e9 72 f8 ff ff
0x000007feee8d5c01:   c5 fb 11 44 24 10 c5 fb 11 4c 24 20 48 8b 54 24
0x000007feee8d5c11:   10 4c 8b 44 24 20 4c 8b 15 4a 26 02 00 4d 23 d0 


Register to memory mapping:

RAX=0x3f40000000000000 is an unknown value
RBX=0x0000000000000004 is an unknown value
RCX=0x3f40e37fc02fbb80 is an unknown value
RDX=0x7ff0000000000000 is an unknown value
RSP=0x000000000a83d630 is pointing into the stack for thread: 0x0000000009d5f000
RBP=0x000000000a83de60 is pointing into the stack for thread: 0x0000000009d5f000
RSI=0x000000000a83de60 is pointing into the stack for thread: 0x0000000009d5f000
RDI=0x0000000000000004 is an unknown value
R8 =0x8000000000000000 is an unknown value
R9 =0x000000006c53d200 is an unknown value
R10=0x000000000000000c is an unknown value
R11=0x000000000a83db20 is pointing into the stack for thread: 0x0000000009d5f000
R12=0x000000006c53d200 is an unknown value
R13=0x000000006c53d060 is an unknown value
R14=0x00000000d7ba4534 is an unknown value
R15=0x0000000000000004 is an unknown value


Stack: [0x000000000a740000,0x000000000a840000],  sp=0x000000000a83d630,  free space=1013k
Native frames: (J=compiled Java code, j=interpreted, Vv=VM code, C=native code)
C  [msvcr120.dll+0x95c01]
C  [prism_common.dll+0x3318]
C  [prism_common.dll+0x1abc]
C  [prism_common.dll+0x1128]
C  [prism_common.dll+0x8bee]
C  [prism_common.dll+0x670e]
C  [prism_common.dll+0x49af]
C  [prism_common.dll+0x4649]
C  0x000000000f0279b4

Java frames: (J=compiled Java code, j=interpreted, Vv=VM code)
j  com.sun.prism.impl.shape.NativePiscesRasterizer.produceStrokeAlphas([F[BIFIIF[FFDDDDDD[I[B)V+0
j  com.sun.prism.impl.shape.NativePiscesRasterizer.getMaskData(Lcom/sun/javafx/geom/Shape;Lcom/sun/prism/BasicStroke;Lcom/sun/javafx/geom/RectBounds;Lcom/sun/javafx/geom/transform/BaseTransform;ZZ)Lcom/sun/prism/impl/shape/MaskData;+487
j  com.sun.prism.impl.shape.ShapeUtil.rasterizeShape(Lcom/sun/javafx/geom/Shape;Lcom/sun/prism/BasicStroke;Lcom/sun/javafx/geom/RectBounds;Lcom/sun/javafx/geom/transform/BaseTransform;ZZ)Lcom/sun/prism/impl/shape/MaskData;+11
j  com.sun.prism.impl.ps.BaseShaderGraphics.renderShape(Lcom/sun/javafx/geom/Shape;Lcom/sun/prism/BasicStroke;FFFF)V+40
j  com.sun.prism.impl.BaseGraphics.draw(Lcom/sun/javafx/geom/Shape;)V+136
j  com.sun.prism.impl.ps.CachingShapeRepState.drawNoCache(Lcom/sun/prism/Graphics;Lcom/sun/javafx/geom/Shape;)V+2
j  com.sun.prism.impl.ps.CachingShapeRepState.render(Lcom/sun/prism/Graphics;Lcom/sun/javafx/geom/Shape;Lcom/sun/javafx/geom/RectBounds;Lcom/sun/prism/BasicStroke;)V+241
j  com.sun.prism.impl.ps.CachingShapeRep.draw(Lcom/sun/prism/Graphics;Lcom/sun/javafx/geom/Shape;Lcom/sun/javafx/geom/BaseBounds;)V+31
j  com.sun.javafx.sg.prism.NGShape.renderContent2D(Lcom/sun/prism/Graphics;Z)V+144
j  com.sun.javafx.sg.prism.NGShape.renderContent(Lcom/sun/prism/Graphics;)V+454
j  com.sun.javafx.sg.prism.NGNode.doRender(Lcom/sun/prism/Graphics;)V+330
j  com.sun.javafx.sg.prism.NGNode.render(Lcom/sun/prism/Graphics;)V+34
j  com.sun.javafx.sg.prism.NGGroup.renderContent(Lcom/sun/prism/Graphics;)V+160
j  com.sun.javafx.sg.prism.NGRegion.renderContent(Lcom/sun/prism/Graphics;)V+111
j  com.sun.javafx.sg.prism.NGNode.doRender(Lcom/sun/prism/Graphics;)V+330
j  com.sun.javafx.sg.prism.NGNode.render(Lcom/sun/prism/Graphics;)V+34
j  com.sun.javafx.sg.prism.NGGroup.renderContent(Lcom/sun/prism/Graphics;)V+160
j  com.sun.javafx.sg.prism.NGRegion.renderContent(Lcom/sun/prism/Graphics;)V+111
j  com.sun.javafx.sg.prism.NGNode.doRender(Lcom/sun/prism/Graphics;)V+330
j  com.sun.javafx.sg.prism.NGNode.render(Lcom/sun/prism/Graphics;)V+34
j  com.sun.javafx.sg.prism.NGGroup.renderContent(Lcom/sun/prism/Graphics;)V+160
j  com.sun.javafx.sg.prism.NGRegion.renderContent(Lcom/sun/prism/Graphics;)V+111
j  com.sun.javafx.sg.prism.NGNode.doRender(Lcom/sun/prism/Graphics;)V+330
j  com.sun.javafx.sg.prism.NGNode.render(Lcom/sun/prism/Graphics;)V+34
j  com.sun.javafx.tk.quantum.ViewPainter.doPaint(Lcom/sun/prism/Graphics;Lcom/sun/javafx/sg/prism/NodePath;)V+201
j  com.sun.javafx.tk.quantum.ViewPainter.paintImpl(Lcom/sun/prism/Graphics;)V+982
j  com.sun.javafx.tk.quantum.PresentingPainter.run()V+326
j  java.util.concurrent.Executors$RunnableAdapter.call()Ljava/lang/Object;+4
j  java.util.concurrent.FutureTask.runAndReset()Z+47
j  com.sun.javafx.tk.RenderJob.run()V+1
j  java.util.concurrent.ThreadPoolExecutor.runWorker(Ljava/util/concurrent/ThreadPoolExecutor$Worker;)V+95
j  java.util.concurrent.ThreadPoolExecutor$Worker.run()V+5
j  com.sun.javafx.tk.quantum.QuantumRenderer$PipelineRunnable.run()V+8
j  java.lang.Thread.run()V+11
v  ~StubRoutines::call_stub

---------------  P R O C E S S  ---------------

Java Threads: ( => current thread )
  0x000000000cafa800 JavaThread "Prism Font Disposer" daemon [_thread_blocked, id=8284, stack(0x0000000022df0000,0x0000000022ef0000)]
  0x000000000c912800 JavaThread "Thread-3" daemon [_thread_in_native, id=9824, stack(0x000000000d210000,0x000000000d310000)]
  0x000000000c8ef800 JavaThread "JavaFX-Launcher" [_thread_blocked, id=2808, stack(0x000000000d400000,0x000000000d500000)]
  0x0000000009d92800 JavaThread "JavaFX Application Thread" [_thread_blocked, id=1960, stack(0x000000000ae30000,0x000000000af30000)]
  0x0000000009d91000 JavaThread "Thread-1" daemon [_thread_blocked, id=9124, stack(0x000000000aa60000,0x000000000ab60000)]
=>0x0000000009d5f000 JavaThread "QuantumRenderer-0" daemon [_thread_in_native, id=848, stack(0x000000000a740000,0x000000000a840000)]
  0x0000000009a51000 JavaThread "Service Thread" daemon [_thread_blocked, id=6460, stack(0x000000000a080000,0x000000000a180000)]
  0x00000000099d3800 JavaThread "C1 CompilerThread2" daemon [_thread_blocked, id=3460, stack(0x000000000a440000,0x000000000a540000)]
  0x00000000099d2800 JavaThread "C2 CompilerThread1" daemon [_thread_blocked, id=2700, stack(0x000000000a240000,0x000000000a340000)]
  0x00000000099ba800 JavaThread "C2 CompilerThread0" daemon [_thread_blocked, id=9880, stack(0x0000000009540000,0x0000000009640000)]
  0x00000000084de800 JavaThread "Attach Listener" daemon [_thread_blocked, id=8668, stack(0x0000000009f80000,0x000000000a080000)]
  0x00000000084dd800 JavaThread "Signal Dispatcher" daemon [_thread_blocked, id=10184, stack(0x0000000009e00000,0x0000000009f00000)]
  0x00000000084bc800 JavaThread "Finalizer" daemon [_thread_blocked, id=4828, stack(0x00000000098b0000,0x00000000099b0000)]
  0x0000000008475800 JavaThread "Reference Handler" daemon [_thread_blocked, id=6232, stack(0x0000000009790000,0x0000000009890000)]
  0x000000000245e000 JavaThread "main" [_thread_blocked, id=7836, stack(0x0000000002700000,0x0000000002800000)]

Other Threads:
  0x000000000846e000 VMThread [stack: 0x0000000009660000,0x0000000009760000] [id=9812]
  0x0000000009a74000 WatcherThread [stack: 0x000000000a630000,0x000000000a730000] [id=2000]

VM state:not at safepoint (normal execution)

VM Mutex/Monitor currently owned by a thread: None

Heap:
 PSYoungGen      total 38400K, used 32706K [0x00000000d5d00000, 0x00000000d8780000, 0x0000000100000000)
  eden space 33280K, 98% used [0x00000000d5d00000,0x00000000d7cf09f8,0x00000000d7d80000)
  from space 5120K, 0% used [0x00000000d8280000,0x00000000d8280000,0x00000000d8780000)
  to   space 5120K, 0% used [0x00000000d7d80000,0x00000000d7d80000,0x00000000d8280000)
 ParOldGen       total 87552K, used 0K [0x0000000081600000, 0x0000000086b80000, 0x00000000d5d00000)
  object space 87552K, 0% used [0x0000000081600000,0x0000000081600000,0x0000000086b80000)
 Metaspace       used 15142K, capacity 15692K, committed 16000K, reserved 1062912K
  class space    used 2162K, capacity 2318K, committed 2432K, reserved 1048576K

Card table byte_map: [0x0000000002bc0000,0x0000000002fc0000] byte_map_base: 0x00000000027b5000

Marking Bits: (ParMarkBitMap*) 0x00000000586bb6d0
 Begin Bits: [0x0000000003790000, 0x0000000005738000)
 End Bits:   [0x0000000005738000, 0x00000000076e0000)

Polling page: 0x0000000000140000

CodeCache: size=245760Kb used=4535Kb max_used=4535Kb free=241224Kb
 bounds [0x000000000f010000, 0x000000000f480000, 0x000000001e010000]
 total_blobs=2005 nmethods=1392 adapters=526
 compilation: enabled

Compilation events (10 events):
Event: 1.919 Thread 0x00000000099d3800 1388       1       com.sun.javafx.geom.RectBounds::getBoundsType (4 bytes)
Event: 1.919 Thread 0x00000000099d3800 nmethod 1388 0x000000000f474690 code [0x000000000f4747e0, 0x000000000f4748f0]
Event: 1.919 Thread 0x00000000099d3800 1390       3       java.lang.Double::isNaN (12 bytes)
Event: 1.919 Thread 0x00000000099d3800 nmethod 1390 0x000000000f474310 code [0x000000000f474460, 0x000000000f474610]
Event: 1.919 Thread 0x00000000099d3800 1389       3       com.sun.javafx.util.TempState::getInstance (10 bytes)
Event: 1.920 Thread 0x00000000099d3800 nmethod 1389 0x000000000f479a90 code [0x000000000f479c00, 0x000000000f479ee8]
Event: 1.920 Thread 0x00000000099d3800 1391       3       java.lang.Math::min (45 bytes)
Event: 1.920 Thread 0x00000000099d3800 nmethod 1391 0x000000000f479f90 code [0x000000000f47a100, 0x000000000f47a450]
Event: 1.920 Thread 0x00000000099d3800 1392       3       javafx.scene.Node::updateBounds (174 bytes)
Event: 1.922 Thread 0x00000000099d3800 nmethod 1392 0x000000000f47aed0 code [0x000000000f47b1c0, 0x000000000f47d158]

GC Heap History (0 events):
No events

Deoptimization events (10 events):
Event: 1.616 Thread 0x0000000009d92800 Uncommon trap: reason=class_check action=maybe_recompile pc=0x000000000f12fff0 method=java.lang.String.equals(Ljava/lang/Object;)Z @ 8
Event: 1.617 Thread 0x0000000009d92800 Uncommon trap: reason=speculate_class_check action=maybe_recompile pc=0x000000000f34e1c8 method=com.sun.javafx.css.BitSet.containsAll(Ljava/util/Collection;)Z @ 18
Event: 1.617 Thread 0x0000000009d92800 Uncommon trap: reason=speculate_class_check action=maybe_recompile pc=0x000000000f34e1c8 method=com.sun.javafx.css.BitSet.containsAll(Ljava/util/Collection;)Z @ 18
Event: 1.618 Thread 0x0000000009d92800 Uncommon trap: reason=class_check action=maybe_recompile pc=0x000000000f12fff0 method=java.lang.String.equals(Ljava/lang/Object;)Z @ 8
Event: 1.786 Thread 0x0000000009d92800 Uncommon trap: reason=unstable_if action=reinterpret pc=0x000000000f39ccb0 method=java.lang.String.regionMatches(ZILjava/lang/String;II)Z @ 123
Event: 1.812 Thread 0x0000000009d92800 Uncommon trap: reason=class_check action=maybe_recompile pc=0x000000000f40c908 method=com.sun.javafx.css.StyleMap.isEmpty()Z @ 11
Event: 1.812 Thread 0x0000000009d92800 Uncommon trap: reason=class_check action=maybe_recompile pc=0x000000000f40c908 method=com.sun.javafx.css.StyleMap.isEmpty()Z @ 11
Event: 1.812 Thread 0x0000000009d92800 Uncommon trap: reason=class_check action=maybe_recompile pc=0x000000000f410434 method=com.sun.javafx.css.StyleMap.isEmpty()Z @ 11
Event: 1.812 Thread 0x0000000009d92800 Uncommon trap: reason=class_check action=maybe_recompile pc=0x000000000f410434 method=com.sun.javafx.css.StyleMap.isEmpty()Z @ 11
Event: 1.812 Thread 0x0000000009d92800 Uncommon trap: reason=class_check action=maybe_recompile pc=0x000000000f40c908 method=com.sun.javafx.css.StyleMap.isEmpty()Z @ 11

Internal exceptions (10 events):
Event: 0.301 Thread 0x000000000245e000 Exception <a 'java/security/PrivilegedActionException'> (0x00000000d60010d0) thrown at [C:\re\workspace\8-2-build-windows-amd64-cygwin\jdk8u121\8372\hotspot\src\share\vm\prims\jvm.cpp, line 1390]
Event: 0.301 Thread 0x000000000245e000 Exception <a 'java/security/PrivilegedActionException'> (0x00000000d60012e0) thrown at [C:\re\workspace\8-2-build-windows-amd64-cygwin\jdk8u121\8372\hotspot\src\share\vm\prims\jvm.cpp, line 1390]
Event: 0.301 Thread 0x000000000245e000 Exception <a 'java/lang/NullPointerException'> (0x00000000d60018b8) thrown at [C:\re\workspace\8-2-build-windows-amd64-cygwin\jdk8u121\8372\hotspot\src\share\vm\interpreter\linkResolver.cpp, line 1178]
Event: 0.763 Thread 0x0000000009d92800 Exception <a 'java/lang/NullPointerException'> (0x00000000d6a46b10) thrown at [C:\re\workspace\8-2-build-windows-amd64-cygwin\jdk8u121\8372\hotspot\src\share\vm\interpreter\linkResolver.cpp, line 1178]
Event: 0.763 Thread 0x0000000009d92800 Exception <a 'java/lang/NullPointerException'> (0x00000000d6a46b10) thrown at [C:\re\workspace\8-2-build-windows-amd64-cygwin\jdk8u121\8372\hotspot\src\share\vm\prims\jvm.cpp, line 1394]
Event: 0.962 Thread 0x0000000009d92800 Exception <a 'java/lang/ArrayIndexOutOfBoundsException'> (0x00000000d6f052b0) thrown at [C:\re\workspace\8-2-build-windows-amd64-cygwin\jdk8u121\8372\hotspot\src\share\vm\runtime\sharedRuntime.cpp, line 605]
Event: 0.962 Thread 0x0000000009d92800 Exception <a 'java/lang/ArrayIndexOutOfBoundsException'> (0x00000000d6f05fb0) thrown at [C:\re\workspace\8-2-build-windows-amd64-cygwin\jdk8u121\8372\hotspot\src\share\vm\runtime\sharedRuntime.cpp, line 605]
Event: 0.962 Thread 0x0000000009d92800 Exception <a 'java/lang/ArrayIndexOutOfBoundsException'> (0x00000000d6f07358) thrown at [C:\re\workspace\8-2-build-windows-amd64-cygwin\jdk8u121\8372\hotspot\src\share\vm\runtime\sharedRuntime.cpp, line 605]
Event: 1.286 Thread 0x0000000009d92800 Implicit null exception at 0x000000000f27dff5 to 0x000000000f27e205
Event: 1.286 Thread 0x0000000009d92800 Implicit null exception at 0x000000000f303f5b to 0x000000000f30474d

Events (10 events):
Event: 1.931 loading class com/sun/prism/impl/ps/CachingShapeRepState$CSRDisposerRecord
Event: 1.931 loading class com/sun/prism/impl/ps/CachingShapeRepState$CSRDisposerRecord done
Event: 1.931 loading class com/sun/prism/impl/shape/ShapeUtil
Event: 1.931 loading class com/sun/prism/impl/shape/ShapeUtil done
Event: 1.932 loading class com/sun/prism/impl/shape/ShapeRasterizer
Event: 1.932 loading class com/sun/prism/impl/shape/ShapeRasterizer done
Event: 1.932 loading class com/sun/prism/impl/shape/NativePiscesRasterizer
Event: 1.932 loading class com/sun/prism/impl/shape/NativePiscesRasterizer done
Event: 1.932 loading class com/sun/prism/impl/shape/MaskData
Event: 1.932 loading class com/sun/prism/impl/shape/MaskData done


Dynamic libraries:
0x000000013f190000 - 0x000000013f1c7000 	C:\Program Files\Java\jdk1.8.0_121\jre\bin\java.exe
0x0000000077c10000 - 0x0000000077dbb000 	C:\Windows\SYSTEM32\ntdll.dll
0x0000000077af0000 - 0x0000000077c0f000 	C:\Windows\system32\kernel32.dll
0x000007fefde30000 - 0x000007fefde9b000 	C:\Windows\system32\KERNELBASE.dll
0x000007feff950000 - 0x000007feffa2b000 	C:\Windows\system32\ADVAPI32.dll
0x000007feffa30000 - 0x000007feffacf000 	C:\Windows\system32\msvcrt.dll
0x000007feff300000 - 0x000007feff31f000 	C:\Windows\SYSTEM32\sechost.dll
0x000007feff440000 - 0x000007feff56e000 	C:\Windows\system32\RPCRT4.dll
0x00000000779f0000 - 0x0000000077aea000 	C:\Windows\system32\USER32.dll
0x000007feff290000 - 0x000007feff2f7000 	C:\Windows\system32\GDI32.dll
0x000007fefff10000 - 0x000007fefff1e000 	C:\Windows\system32\LPK.dll
0x000007feff370000 - 0x000007feff43a000 	C:\Windows\system32\USP10.dll
0x000007fefc5a0000 - 0x000007fefc794000 	C:\Windows\WinSxS\amd64_microsoft.windows.common-controls_6595b64144ccf1df_6.0.7600.16385_none_fa645303170382f6\COMCTL32.dll
0x000007feff8a0000 - 0x000007feff911000 	C:\Windows\system32\SHLWAPI.dll
0x000007feff920000 - 0x000007feff94e000 	C:\Windows\system32\IMM32.DLL
0x000007feffe00000 - 0x000007fefff09000 	C:\Windows\system32\MSCTF.dll
0x000007fefdb30000 - 0x000007fefdb61000 	C:\Windows\system32\nvinitx.dll
0x000000000f000000 - 0x000000000f006000 	C:\Program Files\NVIDIA Corporation\CoProcManager\_etoured.dll
0x000007fefaff0000 - 0x000007fefb04f000 	C:\Program Files\NVIDIA Corporation\CoProcManager\nvd3d9wrapx.dll
0x000007feff570000 - 0x000007feff747000 	C:\Windows\system32\SETUPAPI.dll
0x000007fefdec0000 - 0x000007fefdef6000 	C:\Windows\system32\CFGMGR32.dll
0x000007fefe410000 - 0x000007fefe4e7000 	C:\Windows\system32\OLEAUT32.dll
0x000007fefe0c0000 - 0x000007fefe2c1000 	C:\Windows\system32\ole32.dll
0x000007fefdea0000 - 0x000007fefdeba000 	C:\Windows\system32\DEVOBJ.dll
0x000007fefa950000 - 0x000007fefa996000 	C:\Program Files\NVIDIA Corporation\CoProcManager\nvdxgiwrapx.dll
0x0000000065be0000 - 0x0000000065cb2000 	C:\Program Files\Java\jdk1.8.0_121\jre\bin\msvcr100.dll
0x0000000057ea0000 - 0x000000005873b000 	C:\Program Files\Java\jdk1.8.0_121\jre\bin\server\jvm.dll
0x000007fefb950000 - 0x000007fefb959000 	C:\Windows\system32\WSOCK32.dll
0x000007feff320000 - 0x000007feff36d000 	C:\Windows\system32\WS2_32.dll
0x000007feff280000 - 0x000007feff288000 	C:\Windows\system32\NSI.dll
0x000007fefafa0000 - 0x000007fefafdb000 	C:\Windows\system32\WINMM.dll
0x000007fefcc30000 - 0x000007fefcc3c000 	C:\Windows\system32\VERSION.dll
0x0000000077de0000 - 0x0000000077de7000 	C:\Windows\system32\PSAPI.DLL
0x000000006a0e0000 - 0x000000006a0ef000 	C:\Program Files\Java\jdk1.8.0_121\jre\bin\verify.dll
0x000000006a010000 - 0x000000006a039000 	C:\Program Files\Java\jdk1.8.0_121\jre\bin\java.dll
0x0000000069ea0000 - 0x0000000069eb6000 	C:\Program Files\Java\jdk1.8.0_121\jre\bin\zip.dll
0x000007fefe4f0000 - 0x000007feff276000 	C:\Windows\system32\SHELL32.dll
0x000007fefdb70000 - 0x000007fefdb7f000 	C:\Windows\system32\profapi.dll
0x000007feee840000 - 0x000007feee92f000 	C:\Program Files\Java\jdk1.8.0_121\jre\bin\msvcr120.dll
0x000007feed080000 - 0x000007feed126000 	C:\Program Files\Java\jdk1.8.0_121\jre\bin\msvcp120.dll
0x000000006c5a0000 - 0x000000006c5c2000 	C:\Program Files\Java\jdk1.8.0_121\jre\bin\prism_d3d.dll
0x000007feded40000 - 0x000007fedef3f000 	C:\Windows\system32\d3d9.dll
0x000007fef2710000 - 0x000007fef2717000 	C:\Windows\system32\d3d8thk.dll
0x000007fefbe50000 - 0x000007fefbe68000 	C:\Windows\system32\dwmapi.dll
0x000007fefc1f0000 - 0x000007fefc246000 	C:\Windows\system32\uxtheme.dll
0x000007fef98f0000 - 0x000007fef9a5b000 	C:\Windows\system32\nvumdshimx.dll
0x000007fede4f0000 - 0x000007feded3d000 	C:\Windows\system32\igdumdim64.dll
0x000007fef7200000 - 0x000007fef7634000 	C:\Windows\system32\igdusc64.dll
0x000000006c550000 - 0x000000006c593000 	C:\Program Files\Java\jdk1.8.0_121\jre\bin\glass.dll
0x000007fefe370000 - 0x000007fefe408000 	C:\Windows\system32\COMDLG32.dll
0x000007fefda00000 - 0x000007fefda57000 	C:\Windows\system32\apphelp.dll
0x000007fef8530000 - 0x000007fef85a5000 	C:\Windows\system32\IMKR14.IME
0x00000000736b0000 - 0x0000000073753000 	C:\Windows\WinSxS\amd64_microsoft.vc90.crt_1fc8b3b9a1e18e3b_9.0.30729.6161_none_08e61857a83bc251\MSVCR90.dll
0x00000000735d0000 - 0x00000000736a3000 	C:\Windows\WinSxS\amd64_microsoft.vc90.crt_1fc8b3b9a1e18e3b_9.0.30729.6161_none_08e61857a83bc251\MSVCP90.dll
0x000007fefda60000 - 0x000007fefda6f000 	C:\Windows\system32\CRYPTBASE.dll
0x000000006c5e0000 - 0x000000006c5f4000 	C:\Program Files\Java\jdk1.8.0_121\jre\bin\javafx_font.dll
0x000007fee7640000 - 0x000007fee77bb000 	C:\Windows\system32\dwrite.dll
0x000007fefe2d0000 - 0x000007fefe369000 	C:\Windows\system32\CLBCatQ.DLL
0x000007fefbce0000 - 0x000007fefbe0a000 	C:\Windows\system32\WindowsCodecs.dll
0x000007fef7150000 - 0x000007fef7185000 	C:\Windows\system32\EhStorShell.dll
0x000007fefc340000 - 0x000007fefc46c000 	C:\Windows\system32\PROPSYS.dll
0x000007fef6ad0000 - 0x000007fef7141000 	C:\PROGRA~1\MICROS~2\Office14\GROOVEEX.DLL
0x0000000073430000 - 0x000000007345f000 	C:\Windows\WinSxS\amd64_microsoft.vc90.atl_1fc8b3b9a1e18e3b_9.0.30729.6161_none_0a1fd3a3a768b895\ATL90.DLL
0x000007fef6650000 - 0x000007fef6a5f000 	C:\PROGRA~1\COMMON~1\MICROS~1\OFFICE14\Cultures\office.odf
0x000007fef5e20000 - 0x000007fef6646000 	C:\PROGRA~1\MICROS~2\Office14\1042\GrooveIntlResource.dll
0x000007fef5c20000 - 0x000007fef5ca0000 	C:\Windows\system32\ntshrui.dll
0x000007fefd610000 - 0x000007fefd633000 	C:\Windows\system32\srvcli.dll
0x000007fef8520000 - 0x000007fef852f000 	C:\Windows\system32\cscapi.dll
0x000007fefbb60000 - 0x000007fefbb6b000 	C:\Windows\system32\slc.dll
0x000007feee810000 - 0x000007feee83d000 	C:\Program Files\Common Files\Microsoft Shared\Ink\rtscom.dll
0x000007fef5410000 - 0x000007fef54c6000 	C:\Program Files\Common Files\Microsoft Shared\IME14\IMEKR\IMKRTIP.DLL
0x000007fef5320000 - 0x000007fef540b000 	C:\PROGRA~1\COMMON~1\MICROS~1\IME14\SHARED\IMETIP.DLL
0x000007fef5ca0000 - 0x000007fef5cd2000 	C:\PROGRA~1\COMMON~1\MICROS~1\IME14\IMEKR\IMKRAPI.DLL
0x000007fef5250000 - 0x000007fef5288000 	C:\Program Files\Common Files\Microsoft Shared\IME14\SHARED\IMJKAPI.DLL
0x000007feed1d0000 - 0x000007feed207000 	C:\Windows\system32\IMGSF50Filter_x64.dll
0x000007fef2250000 - 0x000007fef236d000 	C:\Windows\system32\Opengl32.dll
0x000007fef2500000 - 0x000007fef252d000 	C:\Windows\system32\GLU32.dll
0x000007fef2150000 - 0x000007fef2241000 	C:\Windows\system32\DDRAW.dll
0x000007fef20f0000 - 0x000007fef20f8000 	C:\Windows\system32\DCIMAN32.dll
0x000000006c530000 - 0x000000006c541000 	C:\Program Files\Java\jdk1.8.0_121\jre\bin\prism_common.dll
0x000007feef650000 - 0x000007feef775000 	C:\Windows\system32\dbghelp.dll

VM Arguments:
jvm_args: -Dfile.encoding=UTF-8 
java_command: ch17.exam26.AppMain
java_class_path (initial): D:\git\TestRepositroy\JavaFXProgramming\build\classes
Launcher Type: SUN_STANDARD

Environment Variables:
PATH=C:\oraclexe\app\oracle\product\11.2.0\server\bin;C:\ProgramData\Oracle\Java\javapath;C:\Program Files\Common Files\Microsoft Shared\Windows Live;C:\Program Files (x86)\Common Files\Microsoft Shared\Windows Live;C:\Python27;C:\Python27\Lib\site-packages\mod_pywebsocket;C:\Program Files (x86)\Vim\vim74;C:\Ruby200-x64\lib\ruby\gems\2.0.0\gems\sqlite3-1.3.10-x64-mingw32;C:\Program Files (x86)\Windows Live\Shared;C:\Program Files\Microsoft\Web Platform Installer\;C:\Program Files (x86)\Microsoft ASP.NET\ASP.NET Web Pages\v1.0\;C:\Program Files (x86)\Windows Kits\8.0\Windows Performance Toolkit\;C:\Program Files\Microsoft SQL Server\110\Tools\Binn\;C:\Program Files\Git\cmd
USERNAME=KIM
OS=Windows_NT
PROCESSOR_IDENTIFIER=Intel64 Family 6 Model 60 Stepping 3, GenuineIntel



---------------  S Y S T E M  ---------------

OS: Windows 7 , 64 bit Build 7600 (6.1.7600.16385)

CPU:total 4 (2 cores per cpu, 2 threads per core) family 6 model 60 stepping 3, cmov, cx8, fxsr, mmx, sse, sse2, sse3, ssse3, sse4.1, sse4.2, popcnt, aes, clmul, erms, lzcnt, ht, tsc, tscinvbit, bmi1, bmi2

Memory: 4k page, physical 8294168k(4018116k free), swap 16586436k(10883516k free)

vm_info: Java HotSpot(TM) 64-Bit Server VM (25.121-b13) for windows-amd64 JRE (1.8.0_121-b13), built on Dec 12 2016 18:21:36 by "java_re" with MS VC++ 10.0 (VS2010)

time: Fri May 12 12:57:13 2017
elapsed time: 1 seconds (0d 0h 0m 1s)

