#
# A fatal error has been detected by the Java Runtime Environment:
#
#  EXCEPTION_ILLEGAL_INSTRUCTION (0xc000001d) at pc=0x000007fee7855c01, pid=6152, tid=0x0000000000001ed0
#
# JRE version: Java(TM) SE Runtime Environment (8.0_121-b13) (build 1.8.0_121-b13)
# Java VM: Java HotSpot(TM) 64-Bit Server VM (25.121-b13 mixed mode windows-amd64 compressed oops)
# Problematic frame:
# C  [msvcr120.dll+0x95c01]
#
# Failed to write core dump. Minidumps are not enabled by default on client versions of Windows
#
# If you would like to submit a bug report, please visit:
#   http://bugreport.java.com/bugreport/crash.jsp
# The crash happened outside the Java Virtual Machine in native code.
# See problematic frame for where to report the bug.
#

---------------  T H R E A D  ---------------

Current thread (0x000000000a9ef800):  JavaThread "JavaFX Application Thread" [_thread_in_native, id=7888, stack(0x000000000b870000,0x000000000b970000)]

siginfo: ExceptionCode=0xc000001d

Registers:
RAX=0x0000000000000000, RBX=0x000000000d3e46e0, RCX=0x0000000000000000, RDX=0x00000000002ef260
RSP=0x000000000b96ce70, RBP=0x000000000000000a, RSI=0x000000000000000a, RDI=0x000000000d3e5790
R8 =0x0000000000000001, R9 =0x0000000000000002, R10=0x0000000000000000, R11=0x000000000d3e5f00
R12=0x00000000003020c0, R13=0x000000006c4ac790, R14=0x0000000000000050, R15=0x0000000000000000
RIP=0x000007fee7855c01, EFLAGS=0x0000000000010202

Top of Stack: (sp=0x000000000b96ce70)
0x000000000b96ce70:   0000000000000002 0000000000000006
0x000000000b96ce80:   000000000d3e46e0 0000000000000000
0x000000000b96ce90:   0000000000000000 0000000000000000
0x000000000b96cea0:   0000000000000000 0000000000000000
0x000000000b96ceb0:   0000000000000000 0000000000000000
0x000000000b96cec0:   0000000000000050 000000006c465d56
0x000000000b96ced0:   000000000000000a 000000000000000a
0x000000000b96cee0:   000000000d3e5790 00000000003020c0
0x000000000b96cef0:   0000000000000000 0000000000000000
0x000000000b96cf00:   0000000000000000 0000000000000000
0x000000000b96cf10:   000000000d3e5790 000000000000000a
0x000000000b96cf20:   0000000000000000 000000000d3e46e0
0x000000000b96cf30:   000000000d3e46e0 000000006c3d4d73
0x000000000b96cf40:   000000000d3e46e0 000000006c41c280
0x000000000b96cf50:   0000000000000000 000000000d3e46e0
0x000000000b96cf60:   00000039646e6162 0000000000000000 

Instructions: (pc=0x000007fee7855c01)
0x000007fee7855be1:   0f 10 d0 f2 0f 10 44 24 10 f2 0f 10 4c 24 20 44
0x000007fee7855bf1:   8b 0d 15 26 02 00 e8 34 c7 00 00 e9 72 f8 ff ff
0x000007fee7855c01:   c5 fb 11 44 24 10 c5 fb 11 4c 24 20 48 8b 54 24
0x000007fee7855c11:   10 4c 8b 44 24 20 4c 8b 15 4a 26 02 00 4d 23 d0 


Register to memory mapping:

RAX=0x0000000000000000 is an unknown value
RBX=0x000000000d3e46e0 is an unknown value
RCX=0x0000000000000000 is an unknown value
RDX=0x00000000002ef260 is an unknown value
RSP=0x000000000b96ce70 is pointing into the stack for thread: 0x000000000a9ef800
RBP=0x000000000000000a is an unknown value
RSI=0x000000000000000a is an unknown value
RDI=0x000000000d3e5790 is an unknown value
R8 =0x0000000000000001 is an unknown value
R9 =0x0000000000000002 is an unknown value
R10=0x0000000000000000 is an unknown value
R11=0x000000000d3e5f00 is an unknown value
R12=0x00000000003020c0 is an unknown value
R13=0x000000006c4ac790 is an unknown value
R14=0x0000000000000050 is an unknown value
R15=0x0000000000000000 is an unknown value


Stack: [0x000000000b870000,0x000000000b970000],  sp=0x000000000b96ce70,  free space=1011k
Native frames: (J=compiled Java code, j=interpreted, Vv=VM code, C=native code)
C  [msvcr120.dll+0x95c01]
C  [gstreamer-lite.dll+0x34d73]
C  [glib-lite.dll+0x2642b]
C  [glib-lite.dll+0x1f9c3]
C  [glib-lite.dll+0x2059c]
C  [gstreamer-lite.dll+0xf701]
C  [gstreamer-lite.dll+0xf899]
C  [jfxmedia.dll+0xed88]
C  [jfxmedia.dll+0xe9b8]
C  [jfxmedia.dll+0xf228]
C  [jfxmedia.dll+0xf926]
C  [jfxmedia.dll+0x4f6e]
C  [jfxmedia.dll+0x56a8]
C  0x000000000f0279b4

Java frames: (J=compiled Java code, j=interpreted, Vv=VM code)
j  com.sun.media.jfxmediaimpl.platform.gstreamer.GSTMedia.gstInitNativeMedia(Lcom/sun/media/jfxmedia/locator/Locator;Ljava/lang/String;J[J)I+0
j  com.sun.media.jfxmediaimpl.platform.gstreamer.GSTMedia.init()V+20
j  com.sun.media.jfxmediaimpl.platform.gstreamer.GSTMedia.<init>(Lcom/sun/media/jfxmedia/locator/Locator;)V+17
j  com.sun.media.jfxmediaimpl.platform.gstreamer.GSTMediaPlayer.<init>(Lcom/sun/media/jfxmedia/locator/Locator;)V+6
j  com.sun.media.jfxmediaimpl.platform.gstreamer.GSTPlatform.createMediaPlayer(Lcom/sun/media/jfxmedia/locator/Locator;)Lcom/sun/media/jfxmedia/MediaPlayer;+5
j  com.sun.media.jfxmediaimpl.platform.PlatformManager.createMediaPlayer(Lcom/sun/media/jfxmedia/locator/Locator;)Lcom/sun/media/jfxmedia/MediaPlayer;+64
j  com.sun.media.jfxmediaimpl.NativeMediaManager.getPlayer(Lcom/sun/media/jfxmedia/locator/Locator;)Lcom/sun/media/jfxmedia/MediaPlayer;+7
j  com.sun.media.jfxmedia.MediaManager.getPlayer(Lcom/sun/media/jfxmedia/locator/Locator;)Lcom/sun/media/jfxmedia/MediaPlayer;+18
j  javafx.scene.media.MediaPlayer.init()V+34
j  javafx.scene.media.MediaPlayer.<init>(Ljavafx/scene/media/Media;)V+256
j  ch17.exam24.RootController.initialize(Ljava/net/URL;Ljava/util/ResourceBundle;)V+25
j  javafx.fxml.FXMLLoader.loadImpl(Ljava/io/InputStream;Ljava/lang/Class;)Ljava/lang/Object;+265
j  javafx.fxml.FXMLLoader.loadImpl(Ljava/lang/Class;)Ljava/lang/Object;+30
j  javafx.fxml.FXMLLoader.loadImpl(Ljava/net/URL;Ljava/util/ResourceBundle;Ljavafx/util/BuilderFactory;Ljavafx/util/Callback;Ljava/nio/charset/Charset;Ljava/lang/Class;)Ljava/lang/Object;+34
j  javafx.fxml.FXMLLoader.loadImpl(Ljava/net/URL;Ljava/util/ResourceBundle;Ljavafx/util/BuilderFactory;Ljavafx/util/Callback;Ljava/lang/Class;)Ljava/lang/Object;+11
j  javafx.fxml.FXMLLoader.loadImpl(Ljava/net/URL;Ljava/util/ResourceBundle;Ljavafx/util/BuilderFactory;Ljava/lang/Class;)Ljava/lang/Object;+5
j  javafx.fxml.FXMLLoader.loadImpl(Ljava/net/URL;Ljava/util/ResourceBundle;Ljava/lang/Class;)Ljava/lang/Object;+4
j  javafx.fxml.FXMLLoader.loadImpl(Ljava/net/URL;Ljava/lang/Class;)Ljava/lang/Object;+3
j  javafx.fxml.FXMLLoader.load(Ljava/net/URL;)Ljava/lang/Object;+14
j  ch17.exam24.AppMain.start(Ljavafx/stage/Stage;)V+7
j  com.sun.javafx.application.LauncherImpl.lambda$launchApplication1$162(Ljava/util/concurrent/atomic/AtomicBoolean;Ljavafx/application/Application;)V+20
j  com.sun.javafx.application.LauncherImpl$$Lambda$55.run()V+8
j  com.sun.javafx.application.PlatformImpl.lambda$runAndWait$175(Ljava/lang/Runnable;Ljava/util/concurrent/CountDownLatch;)V+1
j  com.sun.javafx.application.PlatformImpl$$Lambda$48.run()V+8
j  com.sun.javafx.application.PlatformImpl.lambda$null$173(Ljava/lang/Runnable;)Ljava/lang/Void;+1
j  com.sun.javafx.application.PlatformImpl$$Lambda$50.run()Ljava/lang/Object;+4
v  ~StubRoutines::call_stub
j  java.security.AccessController.doPrivileged(Ljava/security/PrivilegedAction;Ljava/security/AccessControlContext;)Ljava/lang/Object;+0
j  com.sun.javafx.application.PlatformImpl.lambda$runLater$174(Ljava/lang/Runnable;Ljava/security/AccessControlContext;)V+7
j  com.sun.javafx.application.PlatformImpl$$Lambda$49.run()V+8
j  com.sun.glass.ui.InvokeLaterDispatcher$Future.run()V+4
v  ~StubRoutines::call_stub
j  com.sun.glass.ui.win.WinApplication._runLoop(Ljava/lang/Runnable;)V+0
j  com.sun.glass.ui.win.WinApplication.lambda$null$148(ILjava/lang/Runnable;)V+8
j  com.sun.glass.ui.win.WinApplication$$Lambda$38.run()V+12
j  java.lang.Thread.run()V+11
v  ~StubRoutines::call_stub

---------------  P R O C E S S  ---------------

Java Threads: ( => current thread )
  0x000000000aa3e000 JavaThread "Thread-3" daemon [_thread_in_native, id=6860, stack(0x000000000d580000,0x000000000d680000)]
  0x000000000aa17800 JavaThread "JavaFX-Launcher" [_thread_blocked, id=8596, stack(0x000000000d6f0000,0x000000000d7f0000)]
=>0x000000000a9ef800 JavaThread "JavaFX Application Thread" [_thread_in_native, id=7888, stack(0x000000000b870000,0x000000000b970000)]
  0x000000000a9ee000 JavaThread "Thread-1" daemon [_thread_blocked, id=5964, stack(0x000000000b5f0000,0x000000000b6f0000)]
  0x000000000a028000 JavaThread "QuantumRenderer-0" daemon [_thread_blocked, id=8408, stack(0x000000000a300000,0x000000000a400000)]
  0x0000000009cd2800 JavaThread "Service Thread" daemon [_thread_blocked, id=7544, stack(0x000000000a5a0000,0x000000000a6a0000)]
  0x0000000009c52800 JavaThread "C1 CompilerThread2" daemon [_thread_blocked, id=7392, stack(0x000000000a6b0000,0x000000000a7b0000)]
  0x0000000009c51000 JavaThread "C2 CompilerThread1" daemon [_thread_blocked, id=8784, stack(0x000000000a480000,0x000000000a580000)]
  0x0000000009c4c000 JavaThread "C2 CompilerThread0" daemon [_thread_blocked, id=10088, stack(0x000000000a030000,0x000000000a130000)]
  0x0000000009c39800 JavaThread "Attach Listener" daemon [_thread_blocked, id=4904, stack(0x000000000a1f0000,0x000000000a2f0000)]
  0x0000000009c38800 JavaThread "Signal Dispatcher" daemon [_thread_blocked, id=10140, stack(0x00000000097d0000,0x00000000098d0000)]
  0x00000000087a9000 JavaThread "Finalizer" daemon [_thread_blocked, id=1944, stack(0x0000000009b30000,0x0000000009c30000)]
  0x0000000008762000 JavaThread "Reference Handler" daemon [_thread_blocked, id=4508, stack(0x0000000009920000,0x0000000009a20000)]
  0x00000000004ee000 JavaThread "main" [_thread_blocked, id=8900, stack(0x0000000002920000,0x0000000002a20000)]

Other Threads:
  0x000000000875a800 VMThread [stack: 0x00000000096b0000,0x00000000097b0000] [id=9900]
  0x0000000009d0c000 WatcherThread [stack: 0x000000000a880000,0x000000000a980000] [id=9512]

VM state:not at safepoint (normal execution)

VM Mutex/Monitor currently owned by a thread: None

Heap:
 PSYoungGen      total 38400K, used 19967K [0x00000000d5d00000, 0x00000000d8780000, 0x0000000100000000)
  eden space 33280K, 59% used [0x00000000d5d00000,0x00000000d707fda0,0x00000000d7d80000)
  from space 5120K, 0% used [0x00000000d8280000,0x00000000d8280000,0x00000000d8780000)
  to   space 5120K, 0% used [0x00000000d7d80000,0x00000000d7d80000,0x00000000d8280000)
 ParOldGen       total 87552K, used 0K [0x0000000081600000, 0x0000000086b80000, 0x00000000d5d00000)
  object space 87552K, 0% used [0x0000000081600000,0x0000000081600000,0x0000000086b80000)
 Metaspace       used 11095K, capacity 11468K, committed 11520K, reserved 1058816K
  class space    used 1405K, capacity 1536K, committed 1536K, reserved 1048576K

Card table byte_map: [0x0000000002de0000,0x00000000031e0000] byte_map_base: 0x00000000029d5000

Marking Bits: (ParMarkBitMap*) 0x00000000586bb6d0
 Begin Bits: [0x0000000003a80000, 0x0000000005a28000)
 End Bits:   [0x0000000005a28000, 0x00000000079d0000)

Polling page: 0x0000000000130000

CodeCache: size=245760Kb used=2807Kb max_used=2815Kb free=242952Kb
 bounds [0x000000000f010000, 0x000000000f2e0000, 0x000000001e010000]
 total_blobs=1146 nmethods=708 adapters=352
 compilation: enabled

Compilation events (10 events):
Event: 1.426 Thread 0x0000000009c52800 nmethod 703 0x000000000f2c4d10 code [0x000000000f2c4e60, 0x000000000f2c4f70]
Event: 1.428 Thread 0x0000000009c52800  704       3       java.util.HashSet::add (20 bytes)
Event: 1.428 Thread 0x0000000009c52800 nmethod 704 0x000000000f2c7490 code [0x000000000f2c7600, 0x000000000f2c7888]
Event: 1.452 Thread 0x0000000009c51000  706       4       java.lang.String::startsWith (72 bytes)
Event: 1.460 Thread 0x0000000009c51000 nmethod 706 0x000000000f2cc9d0 code [0x000000000f2ccb20, 0x000000000f2cccd8]
Event: 1.486 Thread 0x0000000009c4c000 nmethod 699 0x000000000f2cfb90 code [0x000000000f2cfdc0, 0x000000000f2d13f0]
Event: 1.486 Thread 0x0000000009c52800  707       1       com.sun.media.jfxmedia.MediaError::code (5 bytes)
Event: 1.487 Thread 0x0000000009c52800 nmethod 707 0x000000000f2cf8d0 code [0x000000000f2cfa20, 0x000000000f2cfb30]
Event: 1.487 Thread 0x0000000009c52800  708       3       java.lang.Integer::valueOf (32 bytes)
Event: 1.487 Thread 0x0000000009c52800 nmethod 708 0x000000000f2cf250 code [0x000000000f2cf3c0, 0x000000000f2cf710]

GC Heap History (0 events):
No events

Deoptimization events (8 events):
Event: 0.573 Thread 0x000000000a9ef800 Uncommon trap: reason=unstable_if action=reinterpret pc=0x000000000f1af7d0 method=java.lang.String.replace(CC)Ljava/lang/String; @ 26
Event: 0.969 Thread 0x000000000a9ef800 Uncommon trap: reason=unstable_if action=reinterpret pc=0x000000000f1e02d4 method=java.lang.String.indexOf([CII[CIII)I @ 134
Event: 1.057 Thread 0x000000000a9ef800 Uncommon trap: reason=unstable_if action=reinterpret pc=0x000000000f1c464c method=java.lang.String.startsWith(Ljava/lang/String;I)Z @ 25
Event: 1.176 Thread 0x000000000a9ef800 Uncommon trap: reason=unstable_if action=reinterpret pc=0x000000000f274c2c method=java.io.BufferedInputStream.read()I @ 8
Event: 1.219 Thread 0x000000000a9ef800 Uncommon trap: reason=unstable_if action=reinterpret pc=0x000000000f252098 method=java.util.HashMap.getNode(ILjava/lang/Object;)Ljava/util/HashMap$Node; @ 84
Event: 1.219 Thread 0x000000000a9ef800 Uncommon trap: reason=unstable_if action=reinterpret pc=0x000000000f254b90 method=java.util.HashMap.getNode(ILjava/lang/Object;)Ljava/util/HashMap$Node; @ 84
Event: 1.378 Thread 0x000000000a9ef800 Uncommon trap: reason=unstable_if action=reinterpret pc=0x000000000f257a24 method=java.lang.AbstractStringBuilder.append(Ljava/lang/String;)Ljava/lang/AbstractStringBuilder; @ 1
Event: 1.378 Thread 0x000000000a9ef800 Uncommon trap: reason=unstable_if action=reinterpret pc=0x000000000f21f29c method=java.lang.AbstractStringBuilder.append(Ljava/lang/String;)Ljava/lang/AbstractStringBuilder; @ 1

Internal exceptions (10 events):
Event: 0.262 Thread 0x00000000004ee000 Exception <a 'java/security/PrivilegedActionException'> (0x00000000d60012e0) thrown at [C:\re\workspace\8-2-build-windows-amd64-cygwin\jdk8u121\8372\hotspot\src\share\vm\prims\jvm.cpp, line 1390]
Event: 0.263 Thread 0x00000000004ee000 Exception <a 'java/lang/NullPointerException'> (0x00000000d60018b8) thrown at [C:\re\workspace\8-2-build-windows-amd64-cygwin\jdk8u121\8372\hotspot\src\share\vm\interpreter\linkResolver.cpp, line 1178]
Event: 0.858 Thread 0x000000000a9ef800 Exception <a 'java/lang/NullPointerException'> (0x00000000d6a48c10) thrown at [C:\re\workspace\8-2-build-windows-amd64-cygwin\jdk8u121\8372\hotspot\src\share\vm\interpreter\linkResolver.cpp, line 1178]
Event: 0.858 Thread 0x000000000a9ef800 Exception <a 'java/lang/NullPointerException'> (0x00000000d6a48c10) thrown at [C:\re\workspace\8-2-build-windows-amd64-cygwin\jdk8u121\8372\hotspot\src\share\vm\prims\jvm.cpp, line 1394]
Event: 1.084 Thread 0x000000000a9ef800 Exception <a 'java/lang/ArrayIndexOutOfBoundsException'> (0x00000000d6c12418) thrown at [C:\re\workspace\8-2-build-windows-amd64-cygwin\jdk8u121\8372\hotspot\src\share\vm\runtime\sharedRuntime.cpp, line 605]
Event: 1.086 Thread 0x000000000a9ef800 Exception <a 'java/lang/ArrayIndexOutOfBoundsException'> (0x00000000d6c13118) thrown at [C:\re\workspace\8-2-build-windows-amd64-cygwin\jdk8u121\8372\hotspot\src\share\vm\runtime\sharedRuntime.cpp, line 605]
Event: 1.086 Thread 0x000000000a9ef800 Exception <a 'java/lang/ArrayIndexOutOfBoundsException'> (0x00000000d6c144c0) thrown at [C:\re\workspace\8-2-build-windows-amd64-cygwin\jdk8u121\8372\hotspot\src\share\vm\runtime\sharedRuntime.cpp, line 605]
Event: 1.378 Thread 0x000000000a9ef800 Implicit null exception at 0x000000000f257654 to 0x000000000f257a0d
Event: 1.378 Thread 0x000000000a9ef800 Implicit null exception at 0x000000000f21eed6 to 0x000000000f21f285
Event: 1.446 Thread 0x000000000a9ef800 Exception <a 'java/lang/NullPointerException'> (0x00000000d6fd6ef8) thrown at [C:\re\workspace\8-2-build-windows-amd64-cygwin\jdk8u121\8372\hotspot\src\share\vm\interpreter\linkResolver.cpp, line 1280]

Events (10 events):
Event: 1.515 loading class sun/nio/ch/NativeThreadSet
Event: 1.515 loading class sun/nio/ch/NativeThreadSet done
Event: 1.515 loading class sun/nio/ch/FileDispatcherImpl
Event: 1.515 loading class sun/nio/ch/FileDispatcher
Event: 1.516 loading class sun/nio/ch/NativeDispatcher
Event: 1.516 loading class sun/nio/ch/NativeDispatcher done
Event: 1.516 loading class sun/nio/ch/FileDispatcher done
Event: 1.516 loading class sun/nio/ch/FileDispatcherImpl done
Event: 1.516 loading class sun/nio/ch/FileDispatcherImpl$1
Event: 1.516 loading class sun/nio/ch/FileDispatcherImpl$1 done


Dynamic libraries:
0x000000013f440000 - 0x000000013f477000 	C:\Program Files\Java\jdk1.8.0_121\jre\bin\java.exe
0x0000000077c10000 - 0x0000000077dbb000 	C:\Windows\SYSTEM32\ntdll.dll
0x0000000077af0000 - 0x0000000077c0f000 	C:\Windows\system32\kernel32.dll
0x000007fefde30000 - 0x000007fefde9b000 	C:\Windows\system32\KERNELBASE.dll
0x000007feff950000 - 0x000007feffa2b000 	C:\Windows\system32\ADVAPI32.dll
0x000007feffa30000 - 0x000007feffacf000 	C:\Windows\system32\msvcrt.dll
0x000007feff300000 - 0x000007feff31f000 	C:\Windows\SYSTEM32\sechost.dll
0x000007feff440000 - 0x000007feff56e000 	C:\Windows\system32\RPCRT4.dll
0x00000000779f0000 - 0x0000000077aea000 	C:\Windows\system32\USER32.dll
0x000007feff290000 - 0x000007feff2f7000 	C:\Windows\system32\GDI32.dll
0x000007fefff10000 - 0x000007fefff1e000 	C:\Windows\system32\LPK.dll
0x000007feff370000 - 0x000007feff43a000 	C:\Windows\system32\USP10.dll
0x000007fefc5a0000 - 0x000007fefc794000 	C:\Windows\WinSxS\amd64_microsoft.windows.common-controls_6595b64144ccf1df_6.0.7600.16385_none_fa645303170382f6\COMCTL32.dll
0x000007feff8a0000 - 0x000007feff911000 	C:\Windows\system32\SHLWAPI.dll
0x000007feff920000 - 0x000007feff94e000 	C:\Windows\system32\IMM32.DLL
0x000007feffe00000 - 0x000007fefff09000 	C:\Windows\system32\MSCTF.dll
0x000007fefdb30000 - 0x000007fefdb61000 	C:\Windows\system32\nvinitx.dll
0x000000000f000000 - 0x000000000f006000 	C:\Program Files\NVIDIA Corporation\CoProcManager\_etoured.dll
0x000007fefaff0000 - 0x000007fefb04f000 	C:\Program Files\NVIDIA Corporation\CoProcManager\nvd3d9wrapx.dll
0x000007feff570000 - 0x000007feff747000 	C:\Windows\system32\SETUPAPI.dll
0x000007fefdec0000 - 0x000007fefdef6000 	C:\Windows\system32\CFGMGR32.dll
0x000007fefe410000 - 0x000007fefe4e7000 	C:\Windows\system32\OLEAUT32.dll
0x000007fefe0c0000 - 0x000007fefe2c1000 	C:\Windows\system32\ole32.dll
0x000007fefdea0000 - 0x000007fefdeba000 	C:\Windows\system32\DEVOBJ.dll
0x000007fefa950000 - 0x000007fefa996000 	C:\Program Files\NVIDIA Corporation\CoProcManager\nvdxgiwrapx.dll
0x0000000065be0000 - 0x0000000065cb2000 	C:\Program Files\Java\jdk1.8.0_121\jre\bin\msvcr100.dll
0x0000000057ea0000 - 0x000000005873b000 	C:\Program Files\Java\jdk1.8.0_121\jre\bin\server\jvm.dll
0x000007fefb950000 - 0x000007fefb959000 	C:\Windows\system32\WSOCK32.dll
0x000007feff320000 - 0x000007feff36d000 	C:\Windows\system32\WS2_32.dll
0x000007feff280000 - 0x000007feff288000 	C:\Windows\system32\NSI.dll
0x000007fefafa0000 - 0x000007fefafdb000 	C:\Windows\system32\WINMM.dll
0x000007fefcc30000 - 0x000007fefcc3c000 	C:\Windows\system32\VERSION.dll
0x0000000077de0000 - 0x0000000077de7000 	C:\Windows\system32\PSAPI.DLL
0x000000006a0e0000 - 0x000000006a0ef000 	C:\Program Files\Java\jdk1.8.0_121\jre\bin\verify.dll
0x000000006a010000 - 0x000000006a039000 	C:\Program Files\Java\jdk1.8.0_121\jre\bin\java.dll
0x0000000069ea0000 - 0x0000000069eb6000 	C:\Program Files\Java\jdk1.8.0_121\jre\bin\zip.dll
0x000007fefe4f0000 - 0x000007feff276000 	C:\Windows\system32\SHELL32.dll
0x000007fefdb70000 - 0x000007fefdb7f000 	C:\Windows\system32\profapi.dll
0x000007fee77c0000 - 0x000007fee78af000 	C:\Program Files\Java\jdk1.8.0_121\jre\bin\msvcr120.dll
0x000007fee72b0000 - 0x000007fee7356000 	C:\Program Files\Java\jdk1.8.0_121\jre\bin\msvcp120.dll
0x000000006c5d0000 - 0x000000006c5f2000 	C:\Program Files\Java\jdk1.8.0_121\jre\bin\prism_d3d.dll
0x000007feded40000 - 0x000007fedef3f000 	C:\Windows\system32\d3d9.dll
0x000007fef2710000 - 0x000007fef2717000 	C:\Windows\system32\d3d8thk.dll
0x000007fefbe50000 - 0x000007fefbe68000 	C:\Windows\system32\dwmapi.dll
0x000007fefc1f0000 - 0x000007fefc246000 	C:\Windows\system32\uxtheme.dll
0x000007fef98f0000 - 0x000007fef9a5b000 	C:\Windows\system32\nvumdshimx.dll
0x000007fede4f0000 - 0x000007feded3d000 	C:\Windows\system32\igdumdim64.dll
0x000007fef7200000 - 0x000007fef7634000 	C:\Windows\system32\igdusc64.dll
0x000000006c530000 - 0x000000006c573000 	C:\Program Files\Java\jdk1.8.0_121\jre\bin\glass.dll
0x000007fefe370000 - 0x000007fefe408000 	C:\Windows\system32\COMDLG32.dll
0x000007fefda00000 - 0x000007fefda57000 	C:\Windows\system32\apphelp.dll
0x000007fef8530000 - 0x000007fef85a5000 	C:\Windows\system32\IMKR14.IME
0x00000000736b0000 - 0x0000000073753000 	C:\Windows\WinSxS\amd64_microsoft.vc90.crt_1fc8b3b9a1e18e3b_9.0.30729.6161_none_08e61857a83bc251\MSVCR90.dll
0x00000000735d0000 - 0x00000000736a3000 	C:\Windows\WinSxS\amd64_microsoft.vc90.crt_1fc8b3b9a1e18e3b_9.0.30729.6161_none_08e61857a83bc251\MSVCP90.dll
0x000007fefda60000 - 0x000007fefda6f000 	C:\Windows\system32\CRYPTBASE.dll
0x000000006c440000 - 0x000000006c4b3000 	C:\Program Files\Java\jdk1.8.0_121\jre\bin\glib-lite.dll
0x000000006c3a0000 - 0x000000006c43c000 	C:\Program Files\Java\jdk1.8.0_121\jre\bin\gstreamer-lite.dll
0x000007fef4070000 - 0x000007fef40f8000 	C:\Windows\system32\DSOUND.dll
0x000007fefc4c0000 - 0x000007fefc4ec000 	C:\Windows\system32\POWRPROF.dll
0x000000006c370000 - 0x000000006c395000 	C:\Program Files\Java\jdk1.8.0_121\jre\bin\jfxmedia.dll
0x000007fefd9d0000 - 0x000007fefd9f5000 	C:\Windows\system32\SspiCli.dll
0x000000006c330000 - 0x000000006c361000 	C:\Program Files\Java\jdk1.8.0_121\jre\bin\fxplugins.dll
0x0000000069e80000 - 0x0000000069e9a000 	C:\Program Files\Java\jdk1.8.0_121\jre\bin\net.dll
0x000007fefd3a0000 - 0x000007fefd3f4000 	C:\Windows\system32\mswsock.dll
0x000007fefd340000 - 0x000007fefd347000 	C:\Windows\System32\wship6.dll
0x0000000069e60000 - 0x0000000069e71000 	C:\Program Files\Java\jdk1.8.0_121\jre\bin\nio.dll
0x000007feef650000 - 0x000007feef775000 	C:\Windows\system32\dbghelp.dll

VM Arguments:
jvm_args: -Dfile.encoding=UTF-8 
java_command: ch17.exam24.AppMain
java_class_path (initial): D:\git\TestRepositroy\JavaFXProgramming\build\classes
Launcher Type: SUN_STANDARD

Environment Variables:
PATH=C:\oraclexe\app\oracle\product\11.2.0\server\bin;C:\ProgramData\Oracle\Java\javapath;C:\Program Files\Common Files\Microsoft Shared\Windows Live;C:\Program Files (x86)\Common Files\Microsoft Shared\Windows Live;C:\Python27;C:\Python27\Lib\site-packages\mod_pywebsocket;C:\Program Files (x86)\Vim\vim74;C:\Ruby200-x64\lib\ruby\gems\2.0.0\gems\sqlite3-1.3.10-x64-mingw32;C:\Program Files (x86)\Windows Live\Shared;C:\Program Files\Microsoft\Web Platform Installer\;C:\Program Files (x86)\Microsoft ASP.NET\ASP.NET Web Pages\v1.0\;C:\Program Files (x86)\Windows Kits\8.0\Windows Performance Toolkit\;C:\Program Files\Microsoft SQL Server\110\Tools\Binn\;C:\Program Files\Git\cmd
USERNAME=KIM
OS=Windows_NT
PROCESSOR_IDENTIFIER=Intel64 Family 6 Model 60 Stepping 3, GenuineIntel



---------------  S Y S T E M  ---------------

OS: Windows 7 , 64 bit Build 7600 (6.1.7600.16385)

CPU:total 4 (2 cores per cpu, 2 threads per core) family 6 model 60 stepping 3, cmov, cx8, fxsr, mmx, sse, sse2, sse3, ssse3, sse4.1, sse4.2, popcnt, aes, clmul, erms, lzcnt, ht, tsc, tscinvbit, bmi1, bmi2

Memory: 4k page, physical 8294168k(3384344k free), swap 16586436k(10067848k free)

vm_info: Java HotSpot(TM) 64-Bit Server VM (25.121-b13) for windows-amd64 JRE (1.8.0_121-b13), built on Dec 12 2016 18:21:36 by "java_re" with MS VC++ 10.0 (VS2010)

time: Fri May 12 13:49:04 2017
elapsed time: 1 seconds (0d 0h 0m 1s)

